basepath:
[test...]ip=> http://1.12.231.219:8083/
Model correct
 * Serving Flask app 'flask_app2'
 * Debug mode: off
WARNING: This is a development server. Do not use it in a production deployment. Use a production WSGI server instead.
 * Running on all addresses (0.0.0.0)
 * Running on http://127.0.0.1:8083
 * Running on http://10.0.12.14:8083
Press CTRL+C to quit
120.85.174.241 - - [20/Jul/2023 01:10:28] "GET /demo HTTP/1.1" 200 -
120.85.174.241 - - [20/Jul/2023 01:11:10] "GET /demo HTTP/1.1" 200 -
120.85.174.241 - - [20/Jul/2023 01:11:38] "GET /demo HTTP/1.1" 200 -
120.85.174.241 - - [20/Jul/2023 01:12:49] "GET /demo HTTP/1.1" 200 -
120.85.174.241 - - [20/Jul/2023 01:13:38] "GET /demo HTTP/1.1" 200 -
120.85.174.241 - - [20/Jul/2023 01:13:52] "POST /demo HTTP/1.1" 200 -
120.85.174.241 - - [20/Jul/2023 01:13:56] "GET /results/A_0000000192.jpg HTTP/1.1" 200 -
120.85.174.241 - - [20/Jul/2023 01:14:21] "GET /demo HTTP/1.1" 200 -
120.85.174.241 - - [20/Jul/2023 01:14:31] "POST /demo HTTP/1.1" 200 -
120.85.174.241 - - [20/Jul/2023 01:14:36] "GET /results/IMG_5332.jpg HTTP/1.1" 200 -
120.85.174.241 - - [20/Jul/2023 01:14:46] "GET /demo HTTP/1.1" 200 -
120.85.174.241 - - [20/Jul/2023 01:15:40] "GET /demo HTTP/1.1" 200 -
h_origin,w_origin: 531,800
pred: 位置[0, 10000, :]的数组
(1, 25200, 8)
[7.5305738e+00 3.6596637e+02 1.5201449e+01 1.0602709e+02 5.6356192e-05
 1.1685997e-02 5.0700736e-01 6.6065216e-01]
box:符合要求的框
(0, 8)
outbox( x1 y1 x2 y2 score class):
[]
没有发现物体
h_origin,w_origin: 531,800
pred: 位置[0, 10000, :]的数组
(1, 25200, 8)
[7.5305738e+00 3.6596637e+02 1.5201449e+01 1.0602709e+02 5.6356192e-05
 1.1685997e-02 5.0700736e-01 6.6065216e-01]
box:符合要求的框
(0, 8)
outbox( x1 y1 x2 y2 score class):
[]
没有发现物体
h_origin,w_origin: 531,800
pred: 位置[0, 10000, :]的数组
(1, 25200, 8)
[7.5305738e+00 3.6596637e+02 1.5201449e+01 1.0602709e+02 5.6356192e-05
 1.1685997e-02 5.0700736e-01 6.6065216e-01]
box:符合要求的框
(0, 8)
outbox( x1 y1 x2 y2 score class):
[]
没有发现物体
h_origin,w_origin: 531,800
pred: 位置[0, 10000, :]的数组
(1, 25200, 8)
[7.5305738e+00 3.6596637e+02 1.5201449e+01 1.0602709e+02 5.6356192e-05
 1.1685997e-02 5.0700736e-01 6.6065216e-01]
box:符合要求的框
(0, 8)
outbox( x1 y1 x2 y2 score class):
[]
没有发现物体
h_origin,w_origin: 531,800
pred: 位置[0, 10000, :]的数组
(1, 25200, 8)
[7.5305738e+00 3.6596637e+02 1.5201449e+01 1.0602709e+02 5.6356192e-05
 1.1685997e-02 5.0700736e-01 6.6065216e-01]
box:符合要求的框
(0, 8)
outbox( x1 y1 x2 y2 score class):
[]
没有发现物体
h_origin,w_origin: 531,800
pred: 位置[0, 10000, :]的数组
(1, 25200, 8)
[7.5305738e+00 3.6596637e+02 1.5201449e+01 1.0602709e+02 5.6356192e-05
 1.1685997e-02 5.0700736e-01 6.6065216e-01]
box:符合要求的框
(0, 8)
outbox( x1 y1 x2 y2 score class):
[]
没有发现物体
h_origin,w_origin: 531,800
pred: 位置[0, 10000, :]的数组
(1, 25200, 8)
[7.5305738e+00 3.6596637e+02 1.5201449e+01 1.0602709e+02 5.6356192e-05
 1.1685997e-02 5.0700736e-01 6.6065216e-01]
box:符合要求的框
(0, 8)
outbox( x1 y1 x2 y2 score class):
[]
没有发现物体
h_origin,w_origin: 531,800
pred: 位置[0, 10000, :]的数组
(1, 25200, 8)
[7.5305738e+00 3.6596637e+02 1.5201449e+01 1.0602709e+02 5.6356192e-05
 1.1685997e-02 5.0700736e-01 6.6065216e-01]
box:符合要求的框
(0, 8)
outbox( x1 y1 x2 y2 score class):
[]
没有发现物体
h_origin,w_origin: 531,800
pred: 位置[0, 10000, :]的数组
(1, 25200, 8)
[7.5305738e+00 3.6596637e+02 1.5201449e+01 1.0602709e+02 5.6356192e-05
 1.1685997e-02 5.0700736e-01 6.6065216e-01]
box:符合要求的框
(0, 8)
outbox( x1 y1 x2 y2 score class):
[]
没有发现物体
h_origin,w_origin: 531,800
pred: 位置[0, 10000, :]的数组
(1, 25200, 8)
[7.5305738e+00 3.6596637e+02 1.5201449e+01 1.0602709e+02 5.6356192e-05
 1.1685997e-02 5.0700736e-01 6.6065216e-01]
box:符合要求的框
(0, 8)
outbox( x1 y1 x2 y2 score class):
[]
没有发现物体
h_origin,w_origin: 720,1280
pred: 位置[0, 10000, :]的数组
(1, 25200, 8)
[6.9985485e+00 3.6471701e+02 1.3611051e+01 9.1200500e+01 1.1578202e-04
 5.3835660e-02 8.9921522e-01 4.4086576e-02]
box:符合要求的框
(8, 8)
outbox( x1 y1 x2 y2 score class):
[[257.46204   284.78345   527.24133   622.3724      0.7342688   1.       ]
 [265.3466    277.15625   518.16797   628.17114     0.8689035   2.       ]]
class: stand, score: 0.7342687845230103
box coordinate left,top,right,down: [257, 284, 527, 622]
class: lie, score: 0.8689035177230835
box coordinate left,top,right,down: [265, 277, 518, 628]
[test..] self.img_name=> A_0000000192
[test...]data=> {'identifier': 'identifier', 'counts': 2, 'code': 200, 'data': [{'confidences': '0.73', 'label': 'stand'}, {'confidences': '0.87', 'label': 'lie'}], 'resName': 'http://1.12.231.219:8083/results/A_0000000192.jpg'}
data: {'identifier': 'identifier', 'counts': 2, 'code': 200, 'data': [{'confidences': '0.73', 'label': 'stand'}, {'confidences': '0.87', 'label': 'lie'}], 'resName': 'http://1.12.231.219:8083/results/A_0000000192.jpg'}
[test...]res=> <Response 197 bytes [200 OK]>
h_origin,w_origin: 3024,4032
pred: 位置[0, 10000, :]的数组
(1, 25200, 8)
[5.9924526e+00 3.6468555e+02 1.3145945e+01 9.7001053e+01 3.5673380e-05
 6.9324106e-02 9.5752686e-02 8.3249414e-01]
box:符合要求的框
(54, 8)
outbox( x1 y1 x2 y2 score class):
[[355.4877     304.09705    456.9244     384.1731       0.94187427
    2.        ]
 [242.97205    290.98495    322.35004    365.26395      0.9235246
    2.        ]
 [325.16095    304.88657    403.45178    409.18448      0.8621743
    2.        ]
 [260.30127    309.5991     347.28302    419.12405      0.64853895
    2.        ]]
class: lie, score: 0.9418742656707764
box coordinate left,top,right,down: [355, 304, 456, 384]
class: lie, score: 0.9235246181488037
box coordinate left,top,right,down: [242, 290, 322, 365]
class: lie, score: 0.8621742725372314
box coordinate left,top,right,down: [325, 304, 403, 409]
class: lie, score: 0.6485389471054077
box coordinate left,top,right,down: [260, 309, 347, 419]
[test..] self.img_name=> IMG_5332
[test...]data=> {'identifier': 'identifier', 'counts': 4, 'code': 200, 'data': [{'confidences': '0.94', 'label': 'lie'}, {'confidences': '0.92', 'label': 'lie'}, {'confidences': '0.86', 'label': 'lie'}, {'confidences': '0.65', 'label': 'lie'}], 'resName': 'http://1.12.231.219:8083/results/IMG_5332.jpg'}
data: {'identifier': 'identifier', 'counts': 4, 'code': 200, 'data': [{'confidences': '0.94', 'label': 'lie'}, {'confidences': '0.92', 'label': 'lie'}, {'confidences': '0.86', 'label': 'lie'}, {'confidences': '0.65', 'label': 'lie'}], 'resName': 'http://1.12.231.219:8083/results/IMG_5332.jpg'}
[test...]res=> <Response 265 bytes [200 OK]>
h_origin,w_origin: 531,800
pred: 位置[0, 10000, :]的数组
(1, 25200, 8)
[7.5305738e+00 3.6596637e+02 1.5201449e+01 1.0602709e+02 5.6356192e-05
 1.1685997e-02 5.0700736e-01 6.6065216e-01]
box:符合要求的框
(0, 8)
outbox( x1 y1 x2 y2 score class):
[]
没有发现物体
h_origin,w_origin: 531,800
pred: 位置[0, 10000, :]的数组
(1, 25200, 8)
[7.5305738e+00 3.6596637e+02 1.5201449e+01 1.0602709e+02 5.6356192e-05
 1.1685997e-02 5.0700736e-01 6.6065216e-01]
box:符合要求的框
(0, 8)
outbox( x1 y1 x2 y2 score class):
[]
没有发现物体
h_origin,w_origin: 531,800
pred: 位置[0, 10000, :]的数组
(1, 25200, 8)
[7.5305738e+00 3.6596637e+02 1.5201449e+01 1.0602709e+02 5.6356192e-05
 1.1685997e-02 5.0700736e-01 6.6065216e-01]
box:符合要求的框
(0, 8)
outbox( x1 y1 x2 y2 score class):
[]
没有发现物体
h_origin,w_origin: 531,800
pred: 位置[0, 10000, :]的数组
(1, 25200, 8)
[7.5305738e+00 3.6596637e+02 1.5201449e+01 1.0602709e+02 5.6356192e-05
 1.1685997e-02 5.0700736e-01 6.6065216e-01]
box:符合要求的框
(0, 8)
outbox( x1 y1 x2 y2 score class):
[]
没有发现物体
h_origin,w_origin: 531,800
pred: 位置[0, 10000, :]的数组
(1, 25200, 8)
[7.5305738e+00 3.6596637e+02 1.5201449e+01 1.0602709e+02 5.6356192e-05
 1.1685997e-02 5.0700736e-01 6.6065216e-01]
box:符合要求的框
(0, 8)
outbox( x1 y1 x2 y2 score class):
[]
没有发现物体
h_origin,w_origin: 531,800
pred: 位置[0, 10000, :]的数组
(1, 25200, 8)
[7.5305738e+00 3.6596637e+02 1.5201449e+01 1.0602709e+02 5.6356192e-05
 1.1685997e-02 5.0700736e-01 6.6065216e-01]
box:符合要求的框
(0, 8)
outbox( x1 y1 x2 y2 score class):
[]
没有发现物体
h_origin,w_origin: 531,800
pred: 位置[0, 10000, :]的数组
(1, 25200, 8)
[7.5305738e+00 3.6596637e+02 1.5201449e+01 1.0602709e+02 5.6356192e-05
 1.1685997e-02 5.0700736e-01 6.6065216e-01]
box:符合要求的框
(0, 8)
outbox( x1 y1 x2 y2 score class):
[]
没有发现物体
h_origin,w_origin: 531,800
pred: 位置[0, 10000, :]的数组
(1, 25200, 8)
[7.5305738e+00 3.6596637e+02 1.5201449e+01 1.0602709e+02 5.6356192e-05
 1.1685997e-02 5.0700736e-01 6.6065216e-01]
box:符合要求的框
(0, 8)
outbox( x1 y1 x2 y2 score class):
[]
没有发现物体
h_origin,w_origin: 720,1280
pred: 位置[0, 10000, :]的数组
(1, 25200, 8)
[6.9985485e+00 3.6471701e+02 1.3611051e+01 9.1200500e+01 1.1578202e-04
 5.3835660e-02 8.9921522e-01 4.4086576e-02]
box:符合要求的框
(8, 8)
outbox( x1 y1 x2 y2 score class):
[[257.46204   284.78345   527.24133   622.3724      0.7342688   1.       ]
 [265.3466    277.15625   518.16797   628.17114     0.8689035   2.       ]]
120.85.174.241 - - [20/Jul/2023 01:15:46] "POST /demo HTTP/1.1" 200 -
120.85.174.241 - - [20/Jul/2023 01:16:27] "GET /demo HTTP/1.1" 200 -
120.85.174.241 - - [20/Jul/2023 01:16:33] "POST /demo HTTP/1.1" 200 -
120.85.174.241 - - [20/Jul/2023 01:16:39] "GET /results/J_000076.jpg HTTP/1.1" 200 -
120.85.174.241 - - [20/Jul/2023 01:16:43] "GET /demo HTTP/1.1" 200 -
